Performing C++ SOURCE FILE Test COMPILER_SUPPORT_wd981 failed with the following output:
Change Dir: /home/haiyutan/planecalib/cmake-build-debug/3rdparty/Eigen/Debug/src/Eigen-build/CMakeFiles/CMakeTmp

Run Build Command(s):/usr/bin/make cmTC_48e77/fast && make[3]: Entering directory '/home/haiyutan/planecalib/cmake-build-debug/3rdparty/Eigen/Debug/src/Eigen-build/CMakeFiles/CMakeTmp'
/usr/bin/make -f CMakeFiles/cmTC_48e77.dir/build.make CMakeFiles/cmTC_48e77.dir/build
make[4]: Entering directory '/home/haiyutan/planecalib/cmake-build-debug/3rdparty/Eigen/Debug/src/Eigen-build/CMakeFiles/CMakeTmp'
Building CXX object CMakeFiles/cmTC_48e77.dir/src.cxx.o
/usr/bin/c++    -fexceptions -pedantic -Wall -Wextra -Wundef -Wcast-align -Wchar-subscripts -Wnon-virtual-dtor -Wunused-local-typedefs -Wpointer-arith -Wwrite-strings -Wformat-security -Wno-psabi -Wno-variadic-macros -Wno-long-long -fno-check-new -fno-common -fstrict-aliasing -DCOMPILER_SUPPORT_wd981 -Werror -fPIE   -wd981 -o CMakeFiles/cmTC_48e77.dir/src.cxx.o -c /home/haiyutan/planecalib/cmake-build-debug/3rdparty/Eigen/Debug/src/Eigen-build/CMakeFiles/CMakeTmp/src.cxx
c++: error: unrecognized command line option '-wd981'
CMakeFiles/cmTC_48e77.dir/build.make:65: recipe for target 'CMakeFiles/cmTC_48e77.dir/src.cxx.o' failed
make[4]: *** [CMakeFiles/cmTC_48e77.dir/src.cxx.o] Error 1
make[4]: Leaving directory '/home/haiyutan/planecalib/cmake-build-debug/3rdparty/Eigen/Debug/src/Eigen-build/CMakeFiles/CMakeTmp'
Makefile:121: recipe for target 'cmTC_48e77/fast' failed
make[3]: *** [cmTC_48e77/fast] Error 2
make[3]: Leaving directory '/home/haiyutan/planecalib/cmake-build-debug/3rdparty/Eigen/Debug/src/Eigen-build/CMakeFiles/CMakeTmp'


Source file was:
int main() { return 0; }
Performing C++ SOURCE FILE Test COMPILER_SUPPORT_wd2304 failed with the following output:
Change Dir: /home/haiyutan/planecalib/cmake-build-debug/3rdparty/Eigen/Debug/src/Eigen-build/CMakeFiles/CMakeTmp

Run Build Command(s):/usr/bin/make cmTC_afdd8/fast && make[3]: Entering directory '/home/haiyutan/planecalib/cmake-build-debug/3rdparty/Eigen/Debug/src/Eigen-build/CMakeFiles/CMakeTmp'
/usr/bin/make -f CMakeFiles/cmTC_afdd8.dir/build.make CMakeFiles/cmTC_afdd8.dir/build
make[4]: Entering directory '/home/haiyutan/planecalib/cmake-build-debug/3rdparty/Eigen/Debug/src/Eigen-build/CMakeFiles/CMakeTmp'
Building CXX object CMakeFiles/cmTC_afdd8.dir/src.cxx.o
/usr/bin/c++    -fexceptions -pedantic -Wall -Wextra -Wundef -Wcast-align -Wchar-subscripts -Wnon-virtual-dtor -Wunused-local-typedefs -Wpointer-arith -Wwrite-strings -Wformat-security -Wno-psabi -Wno-variadic-macros -Wno-long-long -fno-check-new -fno-common -fstrict-aliasing -DCOMPILER_SUPPORT_wd2304 -Werror -fPIE   -wd2304 -o CMakeFiles/cmTC_afdd8.dir/src.cxx.o -c /home/haiyutan/planecalib/cmake-build-debug/3rdparty/Eigen/Debug/src/Eigen-build/CMakeFiles/CMakeTmp/src.cxx
c++: error: unrecognized command line option '-wd2304'
CMakeFiles/cmTC_afdd8.dir/build.make:65: recipe for target 'CMakeFiles/cmTC_afdd8.dir/src.cxx.o' failed
make[4]: *** [CMakeFiles/cmTC_afdd8.dir/src.cxx.o] Error 1
make[4]: Leaving directory '/home/haiyutan/planecalib/cmake-build-debug/3rdparty/Eigen/Debug/src/Eigen-build/CMakeFiles/CMakeTmp'
Makefile:121: recipe for target 'cmTC_afdd8/fast' failed
make[3]: *** [cmTC_afdd8/fast] Error 2
make[3]: Leaving directory '/home/haiyutan/planecalib/cmake-build-debug/3rdparty/Eigen/Debug/src/Eigen-build/CMakeFiles/CMakeTmp'


Source file was:
int main() { return 0; }
Performing C++ SOURCE FILE Test COMPILER_SUPPORT_STRICTANSI failed with the following output:
Change Dir: /home/haiyutan/planecalib/cmake-build-debug/3rdparty/Eigen/Debug/src/Eigen-build/CMakeFiles/CMakeTmp

Run Build Command(s):/usr/bin/make cmTC_31ee7/fast && make[3]: Entering directory '/home/haiyutan/planecalib/cmake-build-debug/3rdparty/Eigen/Debug/src/Eigen-build/CMakeFiles/CMakeTmp'
/usr/bin/make -f CMakeFiles/cmTC_31ee7.dir/build.make CMakeFiles/cmTC_31ee7.dir/build
make[4]: Entering directory '/home/haiyutan/planecalib/cmake-build-debug/3rdparty/Eigen/Debug/src/Eigen-build/CMakeFiles/CMakeTmp'
Building CXX object CMakeFiles/cmTC_31ee7.dir/src.cxx.o
/usr/bin/c++    -fexceptions -pedantic -Wall -Wextra -Wundef -Wcast-align -Wchar-subscripts -Wnon-virtual-dtor -Wunused-local-typedefs -Wpointer-arith -Wwrite-strings -Wformat-security -Wno-psabi -Wno-variadic-macros -Wno-long-long -fno-check-new -fno-common -fstrict-aliasing -DCOMPILER_SUPPORT_STRICTANSI -Werror -fPIE   -strict-ansi -o CMakeFiles/cmTC_31ee7.dir/src.cxx.o -c /home/haiyutan/planecalib/cmake-build-debug/3rdparty/Eigen/Debug/src/Eigen-build/CMakeFiles/CMakeTmp/src.cxx
c++: error: unrecognized command line option '-strict-ansi'; did you mean '-fstrict-enums'?
CMakeFiles/cmTC_31ee7.dir/build.make:65: recipe for target 'CMakeFiles/cmTC_31ee7.dir/src.cxx.o' failed
make[4]: *** [CMakeFiles/cmTC_31ee7.dir/src.cxx.o] Error 1
make[4]: Leaving directory '/home/haiyutan/planecalib/cmake-build-debug/3rdparty/Eigen/Debug/src/Eigen-build/CMakeFiles/CMakeTmp'
Makefile:121: recipe for target 'cmTC_31ee7/fast' failed
make[3]: *** [cmTC_31ee7/fast] Error 2
make[3]: Leaving directory '/home/haiyutan/planecalib/cmake-build-debug/3rdparty/Eigen/Debug/src/Eigen-build/CMakeFiles/CMakeTmp'


Source file was:
int main() { return 0; }
Performing C++ SOURCE FILE Test COMPILER_SUPPORT_Qunusedarguments failed with the following output:
Change Dir: /home/haiyutan/planecalib/cmake-build-debug/3rdparty/Eigen/Debug/src/Eigen-build/CMakeFiles/CMakeTmp

Run Build Command(s):/usr/bin/make cmTC_e9d2d/fast && make[3]: Entering directory '/home/haiyutan/planecalib/cmake-build-debug/3rdparty/Eigen/Debug/src/Eigen-build/CMakeFiles/CMakeTmp'
/usr/bin/make -f CMakeFiles/cmTC_e9d2d.dir/build.make CMakeFiles/cmTC_e9d2d.dir/build
make[4]: Entering directory '/home/haiyutan/planecalib/cmake-build-debug/3rdparty/Eigen/Debug/src/Eigen-build/CMakeFiles/CMakeTmp'
Building CXX object CMakeFiles/cmTC_e9d2d.dir/src.cxx.o
/usr/bin/c++    -fexceptions -pedantic -Wall -Wextra -Wundef -Wcast-align -Wchar-subscripts -Wnon-virtual-dtor -Wunused-local-typedefs -Wpointer-arith -Wwrite-strings -Wformat-security -Wno-psabi -Wno-variadic-macros -Wno-long-long -fno-check-new -fno-common -fstrict-aliasing -DCOMPILER_SUPPORT_Qunusedarguments -Werror -fPIE   -Qunused-arguments -o CMakeFiles/cmTC_e9d2d.dir/src.cxx.o -c /home/haiyutan/planecalib/cmake-build-debug/3rdparty/Eigen/Debug/src/Eigen-build/CMakeFiles/CMakeTmp/src.cxx
c++: error: unrecognized command line option '-Qunused-arguments'; did you mean '-Wunused-parameter'?
CMakeFiles/cmTC_e9d2d.dir/build.make:65: recipe for target 'CMakeFiles/cmTC_e9d2d.dir/src.cxx.o' failed
make[4]: *** [CMakeFiles/cmTC_e9d2d.dir/src.cxx.o] Error 1
make[4]: Leaving directory '/home/haiyutan/planecalib/cmake-build-debug/3rdparty/Eigen/Debug/src/Eigen-build/CMakeFiles/CMakeTmp'
Makefile:121: recipe for target 'cmTC_e9d2d/fast' failed
make[3]: *** [cmTC_e9d2d/fast] Error 2
make[3]: Leaving directory '/home/haiyutan/planecalib/cmake-build-debug/3rdparty/Eigen/Debug/src/Eigen-build/CMakeFiles/CMakeTmp'


Source file was:
int main() { return 0; }
Determining if the Q_WS_WIN exist failed with the following output:
Change Dir: /home/haiyutan/planecalib/cmake-build-debug/3rdparty/Eigen/Debug/src/Eigen-build/CMakeFiles/CMakeTmp

Run Build Command(s):/usr/bin/make cmTC_96c5d/fast && make[3]: 进入目录“/home/haiyutan/planecalib/cmake-build-debug/3rdparty/Eigen/Debug/src/Eigen-build/CMakeFiles/CMakeTmp”
/usr/bin/make -f CMakeFiles/cmTC_96c5d.dir/build.make CMakeFiles/cmTC_96c5d.dir/build
make[4]: 进入目录“/home/haiyutan/planecalib/cmake-build-debug/3rdparty/Eigen/Debug/src/Eigen-build/CMakeFiles/CMakeTmp”
Building CXX object CMakeFiles/cmTC_96c5d.dir/CheckSymbolExists.cxx.o
/usr/bin/c++   -I/usr/include/qt4  -fexceptions -pedantic -Wall -Wextra -Wundef -Wcast-align -Wchar-subscripts -Wnon-virtual-dtor -Wunused-local-typedefs -Wpointer-arith -Wwrite-strings -Wformat-security -Wno-psabi -Wno-variadic-macros -Wno-long-long -fno-check-new -fno-common -fstrict-aliasing -ansi -O1 -g1  -fPIE   -o CMakeFiles/cmTC_96c5d.dir/CheckSymbolExists.cxx.o -c /home/haiyutan/planecalib/cmake-build-debug/3rdparty/Eigen/Debug/src/Eigen-build/CMakeFiles/CMakeTmp/CheckSymbolExists.cxx
/home/haiyutan/planecalib/cmake-build-debug/3rdparty/Eigen/Debug/src/Eigen-build/CMakeFiles/CMakeTmp/CheckSymbolExists.cxx: In function ‘int main(int, char**)’:
/home/haiyutan/planecalib/cmake-build-debug/3rdparty/Eigen/Debug/src/Eigen-build/CMakeFiles/CMakeTmp/CheckSymbolExists.cxx:8:19: error: ‘Q_WS_WIN’ was not declared in this scope
   return ((int*)(&Q_WS_WIN))[argc];
                   ^~~~~~~~
/home/haiyutan/planecalib/cmake-build-debug/3rdparty/Eigen/Debug/src/Eigen-build/CMakeFiles/CMakeTmp/CheckSymbolExists.cxx:8:19: note: suggested alternative: ‘Q_WS_X11’
   return ((int*)(&Q_WS_WIN))[argc];
                   ^~~~~~~~
                   Q_WS_X11
CMakeFiles/cmTC_96c5d.dir/build.make:65: recipe for target 'CMakeFiles/cmTC_96c5d.dir/CheckSymbolExists.cxx.o' failed
make[4]: *** [CMakeFiles/cmTC_96c5d.dir/CheckSymbolExists.cxx.o] Error 1
make[4]: 离开目录“/home/haiyutan/planecalib/cmake-build-debug/3rdparty/Eigen/Debug/src/Eigen-build/CMakeFiles/CMakeTmp”
Makefile:121: recipe for target 'cmTC_96c5d/fast' failed
make[3]: *** [cmTC_96c5d/fast] Error 2
make[3]: 离开目录“/home/haiyutan/planecalib/cmake-build-debug/3rdparty/Eigen/Debug/src/Eigen-build/CMakeFiles/CMakeTmp”


File /home/haiyutan/planecalib/cmake-build-debug/3rdparty/Eigen/Debug/src/Eigen-build/CMakeFiles/CMakeTmp/CheckSymbolExists.cxx:
/* */
#include <QtCore/qglobal.h>

int main(int argc, char** argv)
{
  (void)argv;
#ifndef Q_WS_WIN
  return ((int*)(&Q_WS_WIN))[argc];
#else
  (void)argc;
  return 0;
#endif
}

Determining if the Q_WS_QWS exist failed with the following output:
Change Dir: /home/haiyutan/planecalib/cmake-build-debug/3rdparty/Eigen/Debug/src/Eigen-build/CMakeFiles/CMakeTmp

Run Build Command(s):/usr/bin/make cmTC_3f06d/fast && make[3]: 进入目录“/home/haiyutan/planecalib/cmake-build-debug/3rdparty/Eigen/Debug/src/Eigen-build/CMakeFiles/CMakeTmp”
/usr/bin/make -f CMakeFiles/cmTC_3f06d.dir/build.make CMakeFiles/cmTC_3f06d.dir/build
make[4]: 进入目录“/home/haiyutan/planecalib/cmake-build-debug/3rdparty/Eigen/Debug/src/Eigen-build/CMakeFiles/CMakeTmp”
Building CXX object CMakeFiles/cmTC_3f06d.dir/CheckSymbolExists.cxx.o
/usr/bin/c++   -I/usr/include/qt4  -fexceptions -pedantic -Wall -Wextra -Wundef -Wcast-align -Wchar-subscripts -Wnon-virtual-dtor -Wunused-local-typedefs -Wpointer-arith -Wwrite-strings -Wformat-security -Wno-psabi -Wno-variadic-macros -Wno-long-long -fno-check-new -fno-common -fstrict-aliasing -ansi -O1 -g1  -fPIE   -o CMakeFiles/cmTC_3f06d.dir/CheckSymbolExists.cxx.o -c /home/haiyutan/planecalib/cmake-build-debug/3rdparty/Eigen/Debug/src/Eigen-build/CMakeFiles/CMakeTmp/CheckSymbolExists.cxx
/home/haiyutan/planecalib/cmake-build-debug/3rdparty/Eigen/Debug/src/Eigen-build/CMakeFiles/CMakeTmp/CheckSymbolExists.cxx: In function ‘int main(int, char**)’:
/home/haiyutan/planecalib/cmake-build-debug/3rdparty/Eigen/Debug/src/Eigen-build/CMakeFiles/CMakeTmp/CheckSymbolExists.cxx:8:19: error: ‘Q_WS_QWS’ was not declared in this scope
   return ((int*)(&Q_WS_QWS))[argc];
                   ^~~~~~~~
/home/haiyutan/planecalib/cmake-build-debug/3rdparty/Eigen/Debug/src/Eigen-build/CMakeFiles/CMakeTmp/CheckSymbolExists.cxx:8:19: note: suggested alternative: ‘Q_WS_X11’
   return ((int*)(&Q_WS_QWS))[argc];
                   ^~~~~~~~
                   Q_WS_X11
CMakeFiles/cmTC_3f06d.dir/build.make:65: recipe for target 'CMakeFiles/cmTC_3f06d.dir/CheckSymbolExists.cxx.o' failed
make[4]: *** [CMakeFiles/cmTC_3f06d.dir/CheckSymbolExists.cxx.o] Error 1
make[4]: 离开目录“/home/haiyutan/planecalib/cmake-build-debug/3rdparty/Eigen/Debug/src/Eigen-build/CMakeFiles/CMakeTmp”
Makefile:121: recipe for target 'cmTC_3f06d/fast' failed
make[3]: *** [cmTC_3f06d/fast] Error 2
make[3]: 离开目录“/home/haiyutan/planecalib/cmake-build-debug/3rdparty/Eigen/Debug/src/Eigen-build/CMakeFiles/CMakeTmp”


File /home/haiyutan/planecalib/cmake-build-debug/3rdparty/Eigen/Debug/src/Eigen-build/CMakeFiles/CMakeTmp/CheckSymbolExists.cxx:
/* */
#include <QtCore/qglobal.h>

int main(int argc, char** argv)
{
  (void)argv;
#ifndef Q_WS_QWS
  return ((int*)(&Q_WS_QWS))[argc];
#else
  (void)argc;
  return 0;
#endif
}

Determining if the Q_WS_MAC exist failed with the following output:
Change Dir: /home/haiyutan/planecalib/cmake-build-debug/3rdparty/Eigen/Debug/src/Eigen-build/CMakeFiles/CMakeTmp

Run Build Command(s):/usr/bin/make cmTC_e0167/fast && make[3]: 进入目录“/home/haiyutan/planecalib/cmake-build-debug/3rdparty/Eigen/Debug/src/Eigen-build/CMakeFiles/CMakeTmp”
/usr/bin/make -f CMakeFiles/cmTC_e0167.dir/build.make CMakeFiles/cmTC_e0167.dir/build
make[4]: 进入目录“/home/haiyutan/planecalib/cmake-build-debug/3rdparty/Eigen/Debug/src/Eigen-build/CMakeFiles/CMakeTmp”
Building CXX object CMakeFiles/cmTC_e0167.dir/CheckSymbolExists.cxx.o
/usr/bin/c++   -I/usr/include/qt4  -fexceptions -pedantic -Wall -Wextra -Wundef -Wcast-align -Wchar-subscripts -Wnon-virtual-dtor -Wunused-local-typedefs -Wpointer-arith -Wwrite-strings -Wformat-security -Wno-psabi -Wno-variadic-macros -Wno-long-long -fno-check-new -fno-common -fstrict-aliasing -ansi -O1 -g1  -fPIE   -o CMakeFiles/cmTC_e0167.dir/CheckSymbolExists.cxx.o -c /home/haiyutan/planecalib/cmake-build-debug/3rdparty/Eigen/Debug/src/Eigen-build/CMakeFiles/CMakeTmp/CheckSymbolExists.cxx
/home/haiyutan/planecalib/cmake-build-debug/3rdparty/Eigen/Debug/src/Eigen-build/CMakeFiles/CMakeTmp/CheckSymbolExists.cxx: In function ‘int main(int, char**)’:
/home/haiyutan/planecalib/cmake-build-debug/3rdparty/Eigen/Debug/src/Eigen-build/CMakeFiles/CMakeTmp/CheckSymbolExists.cxx:8:19: error: ‘Q_WS_MAC’ was not declared in this scope
   return ((int*)(&Q_WS_MAC))[argc];
                   ^~~~~~~~
/home/haiyutan/planecalib/cmake-build-debug/3rdparty/Eigen/Debug/src/Eigen-build/CMakeFiles/CMakeTmp/CheckSymbolExists.cxx:8:19: note: suggested alternative: ‘Q_WS_X11’
   return ((int*)(&Q_WS_MAC))[argc];
                   ^~~~~~~~
                   Q_WS_X11
CMakeFiles/cmTC_e0167.dir/build.make:65: recipe for target 'CMakeFiles/cmTC_e0167.dir/CheckSymbolExists.cxx.o' failed
make[4]: *** [CMakeFiles/cmTC_e0167.dir/CheckSymbolExists.cxx.o] Error 1
make[4]: 离开目录“/home/haiyutan/planecalib/cmake-build-debug/3rdparty/Eigen/Debug/src/Eigen-build/CMakeFiles/CMakeTmp”
Makefile:121: recipe for target 'cmTC_e0167/fast' failed
make[3]: *** [cmTC_e0167/fast] Error 2
make[3]: 离开目录“/home/haiyutan/planecalib/cmake-build-debug/3rdparty/Eigen/Debug/src/Eigen-build/CMakeFiles/CMakeTmp”


File /home/haiyutan/planecalib/cmake-build-debug/3rdparty/Eigen/Debug/src/Eigen-build/CMakeFiles/CMakeTmp/CheckSymbolExists.cxx:
/* */
#include <QtCore/qglobal.h>

int main(int argc, char** argv)
{
  (void)argv;
#ifndef Q_WS_MAC
  return ((int*)(&Q_WS_MAC))[argc];
#else
  (void)argc;
  return 0;
#endif
}

Compiling the Fortran compiler identification source file "CMakeFortranCompilerId.F" failed.
Compiler: CMAKE_Fortran_COMPILER-NOTFOUND 
Build flags: 
Id flags: -v 

The output was:
No such file or directory


Compiling the Fortran compiler identification source file "CMakeFortranCompilerId.F" failed.
Compiler: CMAKE_Fortran_COMPILER-NOTFOUND 
Build flags: 
Id flags:  

The output was:
No such file or directory


Compiling the Fortran compiler identification source file "CMakeFortranCompilerId.F" failed.
Compiler: CMAKE_Fortran_COMPILER-NOTFOUND 
Build flags: 
Id flags: -c 

The output was:
No such file or directory


Compiling the Fortran compiler identification source file "CMakeFortranCompilerId.F" failed.
Compiler: CMAKE_Fortran_COMPILER-NOTFOUND 
Build flags: 
Id flags: -fpp 

The output was:
No such file or directory


Compiling the Fortran compiler identification source file "CMakeFortranCompilerId.F" failed.
Compiler: CMAKE_Fortran_COMPILER-NOTFOUND 
Build flags: 
Id flags: -v 

The output was:
No such file or directory


Compiling the Fortran compiler identification source file "CMakeFortranCompilerId.F" failed.
Compiler: CMAKE_Fortran_COMPILER-NOTFOUND 
Build flags: 
Id flags:  

The output was:
No such file or directory


Compiling the Fortran compiler identification source file "CMakeFortranCompilerId.F" failed.
Compiler: CMAKE_Fortran_COMPILER-NOTFOUND 
Build flags: 
Id flags: -c 

The output was:
No such file or directory


Compiling the Fortran compiler identification source file "CMakeFortranCompilerId.F" failed.
Compiler: CMAKE_Fortran_COMPILER-NOTFOUND 
Build flags: 
Id flags: -fpp 

The output was:
No such file or directory


